<?xml version="1.0" encoding="UTF-8"?>
<testsuites>
  <testsuite name="Example.Tests" tests="5" failures="0" errors="0" skipped="0" time="0.123">
    <properties>
      <property name="hypha.integration" value="1"/>
    </properties>
    <testcase classname="Example.Tests.TestClass" name="TestMethod1" time="0.001">
      <properties>
        <property name="hypha.integration" value="1"/>
      </properties>
    </testcase>
    <testcase classname="Example.Tests.TestClass" name="TestMethod2" time="0.001">
      <properties>
        <property name="hypha.integration" value="1"/>
      </properties>
    </testcase>
    <testcase classname="Example.Tests.TestClass" name="TestMethod3" time="0.001">
      <properties>
        <property name="Category" value="Unit"/>
      </properties>
    </testcase>
    <testcase classname="Example.Tests.TestClass" name="TestMethod4" time="0.001">
      <properties>
        <property name="Category" value="Integration"/>
      </properties>
    </testcase>
    <testcase classname="Example.Tests.TestClass" name="TestMethod5" time="0.001">
      <properties>
        <property name="Category" value="Unit"/>
      </properties>
    </testcase>
  </testsuite>
</testsuites>